Build started 12/05/2013 4:42:38 PM.
     1>Project "C:\Users\Ben\Documents\Visual Studio 2012\Projects\Wanderer\Wanderer\Wanderer.vcxproj" on node 2 (Build target(s)).
     1>ClCompile:
         C:\Program Files (x86)\Microsoft Visual Studio 11.0\VC\bin\x86_amd64\CL.exe /c /I"C:\Users\Ben\Documents\Visual Studio 2012\SFML-2.0x64\include" /Zi /nologo /W3 /WX- /Od /D WIN32 /D _DEBUG /D _WINDOWS /D _UNICODE /D UNICODE /Gm /EHsc /RTC1 /MDd /GS /fp:precise /Zc:wchar_t /Zc:forScope /Fo"x64\Debug\\" /Fd"x64\Debug\vc110.pdb" /Gd /TP /errorReport:prompt main.cpp
         main.cpp
     1>main.cpp(754): warning C4305: '-=' : truncation from 'double' to 'float'
     1>main.cpp(775): warning C4305: '+=' : truncation from 'double' to 'float'
     1>main.cpp(843): warning C4996: 'sprintf': This function or variable may be unsafe. Consider using sprintf_s instead. To disable deprecation, use _CRT_SECURE_NO_WARNINGS. See online help for details.
                 C:\Program Files (x86)\Microsoft Visual Studio 11.0\VC\include\stdio.h(357) : see declaration of 'sprintf'
     1>main.cpp(848): warning C4996: 'sprintf': This function or variable may be unsafe. Consider using sprintf_s instead. To disable deprecation, use _CRT_SECURE_NO_WARNINGS. See online help for details.
                 C:\Program Files (x86)\Microsoft Visual Studio 11.0\VC\include\stdio.h(357) : see declaration of 'sprintf'
     1>main.cpp(852): warning C4996: 'sprintf': This function or variable may be unsafe. Consider using sprintf_s instead. To disable deprecation, use _CRT_SECURE_NO_WARNINGS. See online help for details.
                 C:\Program Files (x86)\Microsoft Visual Studio 11.0\VC\include\stdio.h(357) : see declaration of 'sprintf'
     1>main.cpp(860): warning C4996: 'sprintf': This function or variable may be unsafe. Consider using sprintf_s instead. To disable deprecation, use _CRT_SECURE_NO_WARNINGS. See online help for details.
                 C:\Program Files (x86)\Microsoft Visual Studio 11.0\VC\include\stdio.h(357) : see declaration of 'sprintf'
     1>main.cpp(863): warning C4996: 'sprintf': This function or variable may be unsafe. Consider using sprintf_s instead. To disable deprecation, use _CRT_SECURE_NO_WARNINGS. See online help for details.
                 C:\Program Files (x86)\Microsoft Visual Studio 11.0\VC\include\stdio.h(357) : see declaration of 'sprintf'
     1>main.cpp(869): warning C4996: 'sprintf': This function or variable may be unsafe. Consider using sprintf_s instead. To disable deprecation, use _CRT_SECURE_NO_WARNINGS. See online help for details.
                 C:\Program Files (x86)\Microsoft Visual Studio 11.0\VC\include\stdio.h(357) : see declaration of 'sprintf'
     1>main.cpp(881): warning C4996: 'sprintf': This function or variable may be unsafe. Consider using sprintf_s instead. To disable deprecation, use _CRT_SECURE_NO_WARNINGS. See online help for details.
                 C:\Program Files (x86)\Microsoft Visual Studio 11.0\VC\include\stdio.h(357) : see declaration of 'sprintf'
     1>main.cpp(889): warning C4267: 'initializing' : conversion from 'size_t' to 'int', possible loss of data
     1>main.cpp(891): warning C4267: '=' : conversion from 'size_t' to 'int', possible loss of data
     1>main.cpp(904): warning C4244: 'argument' : conversion from 'int' to 'float', possible loss of data
     1>main.cpp(908): warning C4244: 'argument' : conversion from 'int' to 'float', possible loss of data
     1>main.cpp(948): warning C4244: 'argument' : conversion from 'int' to 'float', possible loss of data
     1>main.cpp(1406): warning C4244: 'argument' : conversion from 'time_t' to 'unsigned int', possible loss of data
     1>main.cpp(1442): warning C4996: 'mkdir': The POSIX name for this item is deprecated. Instead, use the ISO C++ conformant name: _mkdir. See online help for details.
                 C:\Program Files (x86)\Microsoft Visual Studio 11.0\VC\include\direct.h(140) : see declaration of 'mkdir'
       Link:
         C:\Program Files (x86)\Microsoft Visual Studio 11.0\VC\bin\x86_amd64\link.exe /ERRORREPORT:PROMPT /OUT:"C:\Users\Ben\Documents\Visual Studio 2012\Projects\Wanderer\x64\Debug\Wanderer.exe" /INCREMENTAL /NOLOGO /LIBPATH:"C:\Users\Ben\Documents\Visual Studio 2012\SFML-2.0x64\lib" "sfml-window-d.lib" "sfml-graphics-d.lib" "sfml-system-d.lib" "sfml-audio-d.lib" kernel32.lib user32.lib gdi32.lib winspool.lib comdlg32.lib advapi32.lib shell32.lib ole32.lib oleaut32.lib uuid.lib odbc32.lib odbccp32.lib kernel32.lib user32.lib gdi32.lib winspool.lib comdlg32.lib advapi32.lib shell32.lib ole32.lib oleaut32.lib uuid.lib odbc32.lib odbccp32.lib /MANIFEST /MANIFESTUAC:"level='asInvoker' uiAccess='false'" /manifest:embed /DEBUG /PDB:"C:\Users\Ben\Documents\Visual Studio 2012\Projects\Wanderer\x64\Debug\Wanderer.pdb" /SUBSYSTEM:CONSOLE /TLBID:1 /DYNAMICBASE /NXCOMPAT /IMPLIB:"C:\Users\Ben\Documents\Visual Studio 2012\Projects\Wanderer\x64\Debug\Wanderer.lib" /MACHINE:X64 x64\Debug\main.obj
         Wanderer.vcxproj -> C:\Users\Ben\Documents\Visual Studio 2012\Projects\Wanderer\x64\Debug\Wanderer.exe
     1>Done Building Project "C:\Users\Ben\Documents\Visual Studio 2012\Projects\Wanderer\Wanderer\Wanderer.vcxproj" (Build target(s)).

Build succeeded.

Time Elapsed 00:00:01.82
