C:\USERS\BEN\DOCUMENTS\VISUAL STUDIO 2012\PROJECTS\WANDERER\WANDERER\RELEASE\MAIN.OBJ
C:\USERS\BEN\DOCUMENTS\VISUAL STUDIO 2012\PROJECTS\WANDERER\WANDERER\RELEASE\VC110.PDB
C:\USERS\BEN\DOCUMENTS\VISUAL STUDIO 2012\PROJECTS\WANDERER\RELEASE\WANDERER.EXE
C:\USERS\BEN\DOCUMENTS\VISUAL STUDIO 2012\PROJECTS\WANDERER\RELEASE\WANDERER.PDB
C:\Users\Ben\documents\visual studio 2012\Projects\Wanderer\Wanderer\Release\main.obj
C:\Users\Ben\documents\visual studio 2012\Projects\Wanderer\Wanderer\Release\cl.command.1.tlog
C:\Users\Ben\documents\visual studio 2012\Projects\Wanderer\Wanderer\Release\CL.read.1.tlog
C:\Users\Ben\documents\visual studio 2012\Projects\Wanderer\Wanderer\Release\CL.write.1.tlog
C:\Users\Ben\documents\visual studio 2012\Projects\Wanderer\Wanderer\Release\link-cvtres.read.1.tlog
C:\Users\Ben\documents\visual studio 2012\Projects\Wanderer\Wanderer\Release\link-cvtres.write.1.tlog
C:\Users\Ben\documents\visual studio 2012\Projects\Wanderer\Wanderer\Release\link-rc.read.1.tlog
C:\Users\Ben\documents\visual studio 2012\Projects\Wanderer\Wanderer\Release\link-rc.write.1.tlog
C:\Users\Ben\documents\visual studio 2012\Projects\Wanderer\Wanderer\Release\link.command.1.tlog
C:\Users\Ben\documents\visual studio 2012\Projects\Wanderer\Wanderer\Release\link.read.1.tlog
C:\Users\Ben\documents\visual studio 2012\Projects\Wanderer\Wanderer\Release\link.read.2.tlog
C:\Users\Ben\documents\visual studio 2012\Projects\Wanderer\Wanderer\Release\link.read.3.tlog
C:\Users\Ben\documents\visual studio 2012\Projects\Wanderer\Wanderer\Release\link.read.4.tlog
C:\Users\Ben\documents\visual studio 2012\Projects\Wanderer\Wanderer\Release\link.read.5.tlog
C:\Users\Ben\documents\visual studio 2012\Projects\Wanderer\Wanderer\Release\link.write.1.tlog
C:\Users\Ben\documents\visual studio 2012\Projects\Wanderer\Wanderer\Release\vc110.pdb
C:\Users\Ben\documents\visual studio 2012\Projects\Wanderer\Release\Wanderer.pdb
C:\Users\Ben\documents\visual studio 2012\Projects\Wanderer\Release\Wanderer.exe
