C:\USERS\BEN\DOCUMENTS\VISUAL STUDIO 2012\PROJECTS\WANDERER\WANDERER\DEBUG\MAIN.OBJ
C:\USERS\BEN\DOCUMENTS\VISUAL STUDIO 2012\PROJECTS\WANDERER\WANDERER\DEBUG\VC110.PDB
C:\USERS\BEN\DOCUMENTS\VISUAL STUDIO 2012\PROJECTS\WANDERER\DEBUG\WANDERER.ILK
C:\USERS\BEN\DOCUMENTS\VISUAL STUDIO 2012\PROJECTS\WANDERER\DEBUG\WANDERER.EXE
C:\USERS\BEN\DOCUMENTS\VISUAL STUDIO 2012\PROJECTS\WANDERER\DEBUG\WANDERER.PDB
C:\Users\Ben\Documents\Visual Studio 2012\Projects\Wanderer\Wanderer\Debug\main.obj
C:\Users\Ben\Documents\Visual Studio 2012\Projects\Wanderer\Wanderer\Debug\cl.command.1.tlog
C:\Users\Ben\Documents\Visual Studio 2012\Projects\Wanderer\Wanderer\Debug\CL.read.1.tlog
C:\Users\Ben\Documents\Visual Studio 2012\Projects\Wanderer\Wanderer\Debug\CL.write.1.tlog
C:\Users\Ben\Documents\Visual Studio 2012\Projects\Wanderer\Wanderer\Debug\link-cvtres.read.1.tlog
C:\Users\Ben\Documents\Visual Studio 2012\Projects\Wanderer\Wanderer\Debug\link-cvtres.write.1.tlog
C:\Users\Ben\Documents\Visual Studio 2012\Projects\Wanderer\Wanderer\Debug\link-rc.read.1.tlog
C:\Users\Ben\Documents\Visual Studio 2012\Projects\Wanderer\Wanderer\Debug\link-rc.write.1.tlog
C:\Users\Ben\Documents\Visual Studio 2012\Projects\Wanderer\Wanderer\Debug\link.10368-cvtres.read.1.tlog
C:\Users\Ben\Documents\Visual Studio 2012\Projects\Wanderer\Wanderer\Debug\link.10368-cvtres.write.1.tlog
C:\Users\Ben\Documents\Visual Studio 2012\Projects\Wanderer\Wanderer\Debug\link.10368-rc.read.1.tlog
C:\Users\Ben\Documents\Visual Studio 2012\Projects\Wanderer\Wanderer\Debug\link.10368-rc.write.1.tlog
C:\Users\Ben\Documents\Visual Studio 2012\Projects\Wanderer\Wanderer\Debug\link.10368.read.1.tlog
C:\Users\Ben\Documents\Visual Studio 2012\Projects\Wanderer\Wanderer\Debug\link.10368.write.1.tlog
C:\Users\Ben\Documents\Visual Studio 2012\Projects\Wanderer\Wanderer\Debug\link.1080-cvtres.read.1.tlog
C:\Users\Ben\Documents\Visual Studio 2012\Projects\Wanderer\Wanderer\Debug\link.1080-cvtres.write.1.tlog
C:\Users\Ben\Documents\Visual Studio 2012\Projects\Wanderer\Wanderer\Debug\link.1080-rc.read.1.tlog
C:\Users\Ben\Documents\Visual Studio 2012\Projects\Wanderer\Wanderer\Debug\link.1080-rc.write.1.tlog
C:\Users\Ben\Documents\Visual Studio 2012\Projects\Wanderer\Wanderer\Debug\link.1080.read.1.tlog
C:\Users\Ben\Documents\Visual Studio 2012\Projects\Wanderer\Wanderer\Debug\link.1080.write.1.tlog
C:\Users\Ben\Documents\Visual Studio 2012\Projects\Wanderer\Wanderer\Debug\link.11476-cvtres.read.1.tlog
C:\Users\Ben\Documents\Visual Studio 2012\Projects\Wanderer\Wanderer\Debug\link.11476-cvtres.write.1.tlog
C:\Users\Ben\Documents\Visual Studio 2012\Projects\Wanderer\Wanderer\Debug\link.11476-rc.read.1.tlog
C:\Users\Ben\Documents\Visual Studio 2012\Projects\Wanderer\Wanderer\Debug\link.11476-rc.write.1.tlog
C:\Users\Ben\Documents\Visual Studio 2012\Projects\Wanderer\Wanderer\Debug\link.11476.read.1.tlog
C:\Users\Ben\Documents\Visual Studio 2012\Projects\Wanderer\Wanderer\Debug\link.11476.write.1.tlog
C:\Users\Ben\Documents\Visual Studio 2012\Projects\Wanderer\Wanderer\Debug\link.12236-cvtres.read.1.tlog
C:\Users\Ben\Documents\Visual Studio 2012\Projects\Wanderer\Wanderer\Debug\link.12236-cvtres.write.1.tlog
C:\Users\Ben\Documents\Visual Studio 2012\Projects\Wanderer\Wanderer\Debug\link.12236-rc.read.1.tlog
C:\Users\Ben\Documents\Visual Studio 2012\Projects\Wanderer\Wanderer\Debug\link.12236-rc.write.1.tlog
C:\Users\Ben\Documents\Visual Studio 2012\Projects\Wanderer\Wanderer\Debug\link.12236.read.1.tlog
C:\Users\Ben\Documents\Visual Studio 2012\Projects\Wanderer\Wanderer\Debug\link.12236.write.1.tlog
C:\Users\Ben\Documents\Visual Studio 2012\Projects\Wanderer\Wanderer\Debug\link.12512-cvtres.read.1.tlog
C:\Users\Ben\Documents\Visual Studio 2012\Projects\Wanderer\Wanderer\Debug\link.12512-cvtres.write.1.tlog
C:\Users\Ben\Documents\Visual Studio 2012\Projects\Wanderer\Wanderer\Debug\link.12512-rc.read.1.tlog
C:\Users\Ben\Documents\Visual Studio 2012\Projects\Wanderer\Wanderer\Debug\link.12512-rc.write.1.tlog
C:\Users\Ben\Documents\Visual Studio 2012\Projects\Wanderer\Wanderer\Debug\link.12512.read.1.tlog
C:\Users\Ben\Documents\Visual Studio 2012\Projects\Wanderer\Wanderer\Debug\link.12512.write.1.tlog
C:\Users\Ben\Documents\Visual Studio 2012\Projects\Wanderer\Wanderer\Debug\link.12524-cvtres.read.1.tlog
C:\Users\Ben\Documents\Visual Studio 2012\Projects\Wanderer\Wanderer\Debug\link.12524-cvtres.write.1.tlog
C:\Users\Ben\Documents\Visual Studio 2012\Projects\Wanderer\Wanderer\Debug\link.12524-rc.read.1.tlog
C:\Users\Ben\Documents\Visual Studio 2012\Projects\Wanderer\Wanderer\Debug\link.12524-rc.write.1.tlog
C:\Users\Ben\Documents\Visual Studio 2012\Projects\Wanderer\Wanderer\Debug\link.12524.read.1.tlog
C:\Users\Ben\Documents\Visual Studio 2012\Projects\Wanderer\Wanderer\Debug\link.12524.write.1.tlog
C:\Users\Ben\Documents\Visual Studio 2012\Projects\Wanderer\Wanderer\Debug\link.13184-cvtres.read.1.tlog
C:\Users\Ben\Documents\Visual Studio 2012\Projects\Wanderer\Wanderer\Debug\link.13184-cvtres.write.1.tlog
C:\Users\Ben\Documents\Visual Studio 2012\Projects\Wanderer\Wanderer\Debug\link.13184-rc.read.1.tlog
C:\Users\Ben\Documents\Visual Studio 2012\Projects\Wanderer\Wanderer\Debug\link.13184-rc.write.1.tlog
C:\Users\Ben\Documents\Visual Studio 2012\Projects\Wanderer\Wanderer\Debug\link.13184.read.1.tlog
C:\Users\Ben\Documents\Visual Studio 2012\Projects\Wanderer\Wanderer\Debug\link.13184.write.1.tlog
C:\Users\Ben\Documents\Visual Studio 2012\Projects\Wanderer\Wanderer\Debug\link.13860-cvtres.read.1.tlog
C:\Users\Ben\Documents\Visual Studio 2012\Projects\Wanderer\Wanderer\Debug\link.13860-cvtres.write.1.tlog
C:\Users\Ben\Documents\Visual Studio 2012\Projects\Wanderer\Wanderer\Debug\link.13860-rc.read.1.tlog
C:\Users\Ben\Documents\Visual Studio 2012\Projects\Wanderer\Wanderer\Debug\link.13860-rc.write.1.tlog
C:\Users\Ben\Documents\Visual Studio 2012\Projects\Wanderer\Wanderer\Debug\link.13860.read.1.tlog
C:\Users\Ben\Documents\Visual Studio 2012\Projects\Wanderer\Wanderer\Debug\link.13860.write.1.tlog
C:\Users\Ben\Documents\Visual Studio 2012\Projects\Wanderer\Wanderer\Debug\link.16008-cvtres.read.1.tlog
C:\Users\Ben\Documents\Visual Studio 2012\Projects\Wanderer\Wanderer\Debug\link.16008-cvtres.write.1.tlog
C:\Users\Ben\Documents\Visual Studio 2012\Projects\Wanderer\Wanderer\Debug\link.16008-rc.read.1.tlog
C:\Users\Ben\Documents\Visual Studio 2012\Projects\Wanderer\Wanderer\Debug\link.16008-rc.write.1.tlog
C:\Users\Ben\Documents\Visual Studio 2012\Projects\Wanderer\Wanderer\Debug\link.16008.read.1.tlog
C:\Users\Ben\Documents\Visual Studio 2012\Projects\Wanderer\Wanderer\Debug\link.16008.write.1.tlog
C:\Users\Ben\Documents\Visual Studio 2012\Projects\Wanderer\Wanderer\Debug\link.17000-cvtres.read.1.tlog
C:\Users\Ben\Documents\Visual Studio 2012\Projects\Wanderer\Wanderer\Debug\link.17000-cvtres.write.1.tlog
C:\Users\Ben\Documents\Visual Studio 2012\Projects\Wanderer\Wanderer\Debug\link.17000-rc.read.1.tlog
C:\Users\Ben\Documents\Visual Studio 2012\Projects\Wanderer\Wanderer\Debug\link.17000-rc.write.1.tlog
C:\Users\Ben\Documents\Visual Studio 2012\Projects\Wanderer\Wanderer\Debug\link.17000.read.1.tlog
C:\Users\Ben\Documents\Visual Studio 2012\Projects\Wanderer\Wanderer\Debug\link.17000.write.1.tlog
C:\Users\Ben\Documents\Visual Studio 2012\Projects\Wanderer\Wanderer\Debug\link.17216-cvtres.read.1.tlog
C:\Users\Ben\Documents\Visual Studio 2012\Projects\Wanderer\Wanderer\Debug\link.17216-cvtres.write.1.tlog
C:\Users\Ben\Documents\Visual Studio 2012\Projects\Wanderer\Wanderer\Debug\link.17216-rc.read.1.tlog
C:\Users\Ben\Documents\Visual Studio 2012\Projects\Wanderer\Wanderer\Debug\link.17216-rc.write.1.tlog
C:\Users\Ben\Documents\Visual Studio 2012\Projects\Wanderer\Wanderer\Debug\link.17216.read.1.tlog
C:\Users\Ben\Documents\Visual Studio 2012\Projects\Wanderer\Wanderer\Debug\link.17216.write.1.tlog
C:\Users\Ben\Documents\Visual Studio 2012\Projects\Wanderer\Wanderer\Debug\link.17800-cvtres.read.1.tlog
C:\Users\Ben\Documents\Visual Studio 2012\Projects\Wanderer\Wanderer\Debug\link.17800-cvtres.write.1.tlog
C:\Users\Ben\Documents\Visual Studio 2012\Projects\Wanderer\Wanderer\Debug\link.17800-rc.read.1.tlog
C:\Users\Ben\Documents\Visual Studio 2012\Projects\Wanderer\Wanderer\Debug\link.17800-rc.write.1.tlog
C:\Users\Ben\Documents\Visual Studio 2012\Projects\Wanderer\Wanderer\Debug\link.17800.read.1.tlog
C:\Users\Ben\Documents\Visual Studio 2012\Projects\Wanderer\Wanderer\Debug\link.17800.write.1.tlog
C:\Users\Ben\Documents\Visual Studio 2012\Projects\Wanderer\Wanderer\Debug\link.20076-cvtres.read.1.tlog
C:\Users\Ben\Documents\Visual Studio 2012\Projects\Wanderer\Wanderer\Debug\link.20076-cvtres.write.1.tlog
C:\Users\Ben\Documents\Visual Studio 2012\Projects\Wanderer\Wanderer\Debug\link.20076-rc.read.1.tlog
C:\Users\Ben\Documents\Visual Studio 2012\Projects\Wanderer\Wanderer\Debug\link.20076-rc.write.1.tlog
C:\Users\Ben\Documents\Visual Studio 2012\Projects\Wanderer\Wanderer\Debug\link.20076.read.1.tlog
C:\Users\Ben\Documents\Visual Studio 2012\Projects\Wanderer\Wanderer\Debug\link.20076.write.1.tlog
C:\Users\Ben\Documents\Visual Studio 2012\Projects\Wanderer\Wanderer\Debug\link.20256-cvtres.read.1.tlog
C:\Users\Ben\Documents\Visual Studio 2012\Projects\Wanderer\Wanderer\Debug\link.20256-cvtres.write.1.tlog
C:\Users\Ben\Documents\Visual Studio 2012\Projects\Wanderer\Wanderer\Debug\link.20256-rc.read.1.tlog
C:\Users\Ben\Documents\Visual Studio 2012\Projects\Wanderer\Wanderer\Debug\link.20256-rc.write.1.tlog
C:\Users\Ben\Documents\Visual Studio 2012\Projects\Wanderer\Wanderer\Debug\link.20256.read.1.tlog
C:\Users\Ben\Documents\Visual Studio 2012\Projects\Wanderer\Wanderer\Debug\link.20256.write.1.tlog
C:\Users\Ben\Documents\Visual Studio 2012\Projects\Wanderer\Wanderer\Debug\link.21548-cvtres.read.1.tlog
C:\Users\Ben\Documents\Visual Studio 2012\Projects\Wanderer\Wanderer\Debug\link.21548-cvtres.write.1.tlog
C:\Users\Ben\Documents\Visual Studio 2012\Projects\Wanderer\Wanderer\Debug\link.21548-rc.read.1.tlog
C:\Users\Ben\Documents\Visual Studio 2012\Projects\Wanderer\Wanderer\Debug\link.21548-rc.write.1.tlog
C:\Users\Ben\Documents\Visual Studio 2012\Projects\Wanderer\Wanderer\Debug\link.21548.read.1.tlog
C:\Users\Ben\Documents\Visual Studio 2012\Projects\Wanderer\Wanderer\Debug\link.21548.write.1.tlog
C:\Users\Ben\Documents\Visual Studio 2012\Projects\Wanderer\Wanderer\Debug\link.23040-cvtres.read.1.tlog
C:\Users\Ben\Documents\Visual Studio 2012\Projects\Wanderer\Wanderer\Debug\link.23040-cvtres.write.1.tlog
C:\Users\Ben\Documents\Visual Studio 2012\Projects\Wanderer\Wanderer\Debug\link.23040-rc.read.1.tlog
C:\Users\Ben\Documents\Visual Studio 2012\Projects\Wanderer\Wanderer\Debug\link.23040-rc.write.1.tlog
C:\Users\Ben\Documents\Visual Studio 2012\Projects\Wanderer\Wanderer\Debug\link.23040.read.1.tlog
C:\Users\Ben\Documents\Visual Studio 2012\Projects\Wanderer\Wanderer\Debug\link.23040.write.1.tlog
C:\Users\Ben\Documents\Visual Studio 2012\Projects\Wanderer\Wanderer\Debug\link.23472-cvtres.read.1.tlog
C:\Users\Ben\Documents\Visual Studio 2012\Projects\Wanderer\Wanderer\Debug\link.23472-cvtres.write.1.tlog
C:\Users\Ben\Documents\Visual Studio 2012\Projects\Wanderer\Wanderer\Debug\link.23472-rc.read.1.tlog
C:\Users\Ben\Documents\Visual Studio 2012\Projects\Wanderer\Wanderer\Debug\link.23472-rc.write.1.tlog
C:\Users\Ben\Documents\Visual Studio 2012\Projects\Wanderer\Wanderer\Debug\link.23472.read.1.tlog
C:\Users\Ben\Documents\Visual Studio 2012\Projects\Wanderer\Wanderer\Debug\link.23472.write.1.tlog
C:\Users\Ben\Documents\Visual Studio 2012\Projects\Wanderer\Wanderer\Debug\link.23636-cvtres.read.1.tlog
C:\Users\Ben\Documents\Visual Studio 2012\Projects\Wanderer\Wanderer\Debug\link.23636-cvtres.write.1.tlog
C:\Users\Ben\Documents\Visual Studio 2012\Projects\Wanderer\Wanderer\Debug\link.23636-rc.read.1.tlog
C:\Users\Ben\Documents\Visual Studio 2012\Projects\Wanderer\Wanderer\Debug\link.23636-rc.write.1.tlog
C:\Users\Ben\Documents\Visual Studio 2012\Projects\Wanderer\Wanderer\Debug\link.23636.read.1.tlog
C:\Users\Ben\Documents\Visual Studio 2012\Projects\Wanderer\Wanderer\Debug\link.23636.write.1.tlog
C:\Users\Ben\Documents\Visual Studio 2012\Projects\Wanderer\Wanderer\Debug\link.23640-cvtres.read.1.tlog
C:\Users\Ben\Documents\Visual Studio 2012\Projects\Wanderer\Wanderer\Debug\link.23640-cvtres.write.1.tlog
C:\Users\Ben\Documents\Visual Studio 2012\Projects\Wanderer\Wanderer\Debug\link.23640-rc.read.1.tlog
C:\Users\Ben\Documents\Visual Studio 2012\Projects\Wanderer\Wanderer\Debug\link.23640-rc.write.1.tlog
C:\Users\Ben\Documents\Visual Studio 2012\Projects\Wanderer\Wanderer\Debug\link.23640.read.1.tlog
C:\Users\Ben\Documents\Visual Studio 2012\Projects\Wanderer\Wanderer\Debug\link.23640.write.1.tlog
C:\Users\Ben\Documents\Visual Studio 2012\Projects\Wanderer\Wanderer\Debug\link.23712-cvtres.read.1.tlog
C:\Users\Ben\Documents\Visual Studio 2012\Projects\Wanderer\Wanderer\Debug\link.23712-cvtres.write.1.tlog
C:\Users\Ben\Documents\Visual Studio 2012\Projects\Wanderer\Wanderer\Debug\link.23712-rc.read.1.tlog
C:\Users\Ben\Documents\Visual Studio 2012\Projects\Wanderer\Wanderer\Debug\link.23712-rc.write.1.tlog
C:\Users\Ben\Documents\Visual Studio 2012\Projects\Wanderer\Wanderer\Debug\link.23712.read.1.tlog
C:\Users\Ben\Documents\Visual Studio 2012\Projects\Wanderer\Wanderer\Debug\link.23712.write.1.tlog
C:\Users\Ben\Documents\Visual Studio 2012\Projects\Wanderer\Wanderer\Debug\link.25372-cvtres.read.1.tlog
C:\Users\Ben\Documents\Visual Studio 2012\Projects\Wanderer\Wanderer\Debug\link.25372-cvtres.write.1.tlog
C:\Users\Ben\Documents\Visual Studio 2012\Projects\Wanderer\Wanderer\Debug\link.25372-rc.read.1.tlog
C:\Users\Ben\Documents\Visual Studio 2012\Projects\Wanderer\Wanderer\Debug\link.25372-rc.write.1.tlog
C:\Users\Ben\Documents\Visual Studio 2012\Projects\Wanderer\Wanderer\Debug\link.25372.read.1.tlog
C:\Users\Ben\Documents\Visual Studio 2012\Projects\Wanderer\Wanderer\Debug\link.25372.write.1.tlog
C:\Users\Ben\Documents\Visual Studio 2012\Projects\Wanderer\Wanderer\Debug\link.26668-cvtres.read.1.tlog
C:\Users\Ben\Documents\Visual Studio 2012\Projects\Wanderer\Wanderer\Debug\link.26668-cvtres.write.1.tlog
C:\Users\Ben\Documents\Visual Studio 2012\Projects\Wanderer\Wanderer\Debug\link.26668-rc.read.1.tlog
C:\Users\Ben\Documents\Visual Studio 2012\Projects\Wanderer\Wanderer\Debug\link.26668-rc.write.1.tlog
C:\Users\Ben\Documents\Visual Studio 2012\Projects\Wanderer\Wanderer\Debug\link.26668.read.1.tlog
C:\Users\Ben\Documents\Visual Studio 2012\Projects\Wanderer\Wanderer\Debug\link.26668.write.1.tlog
C:\Users\Ben\Documents\Visual Studio 2012\Projects\Wanderer\Wanderer\Debug\link.26892-cvtres.read.1.tlog
C:\Users\Ben\Documents\Visual Studio 2012\Projects\Wanderer\Wanderer\Debug\link.26892-cvtres.write.1.tlog
C:\Users\Ben\Documents\Visual Studio 2012\Projects\Wanderer\Wanderer\Debug\link.26892-rc.read.1.tlog
C:\Users\Ben\Documents\Visual Studio 2012\Projects\Wanderer\Wanderer\Debug\link.26892-rc.write.1.tlog
C:\Users\Ben\Documents\Visual Studio 2012\Projects\Wanderer\Wanderer\Debug\link.26892.read.1.tlog
C:\Users\Ben\Documents\Visual Studio 2012\Projects\Wanderer\Wanderer\Debug\link.26892.write.1.tlog
C:\Users\Ben\Documents\Visual Studio 2012\Projects\Wanderer\Wanderer\Debug\link.28416-cvtres.read.1.tlog
C:\Users\Ben\Documents\Visual Studio 2012\Projects\Wanderer\Wanderer\Debug\link.28416-cvtres.write.1.tlog
C:\Users\Ben\Documents\Visual Studio 2012\Projects\Wanderer\Wanderer\Debug\link.28416-rc.read.1.tlog
C:\Users\Ben\Documents\Visual Studio 2012\Projects\Wanderer\Wanderer\Debug\link.28416-rc.write.1.tlog
C:\Users\Ben\Documents\Visual Studio 2012\Projects\Wanderer\Wanderer\Debug\link.28416.read.1.tlog
C:\Users\Ben\Documents\Visual Studio 2012\Projects\Wanderer\Wanderer\Debug\link.28416.write.1.tlog
C:\Users\Ben\Documents\Visual Studio 2012\Projects\Wanderer\Wanderer\Debug\link.29616-cvtres.read.1.tlog
C:\Users\Ben\Documents\Visual Studio 2012\Projects\Wanderer\Wanderer\Debug\link.29616-cvtres.write.1.tlog
C:\Users\Ben\Documents\Visual Studio 2012\Projects\Wanderer\Wanderer\Debug\link.29616-rc.read.1.tlog
C:\Users\Ben\Documents\Visual Studio 2012\Projects\Wanderer\Wanderer\Debug\link.29616-rc.write.1.tlog
C:\Users\Ben\Documents\Visual Studio 2012\Projects\Wanderer\Wanderer\Debug\link.29616.read.1.tlog
C:\Users\Ben\Documents\Visual Studio 2012\Projects\Wanderer\Wanderer\Debug\link.29616.write.1.tlog
C:\Users\Ben\Documents\Visual Studio 2012\Projects\Wanderer\Wanderer\Debug\link.7416-cvtres.read.1.tlog
C:\Users\Ben\Documents\Visual Studio 2012\Projects\Wanderer\Wanderer\Debug\link.7416-cvtres.write.1.tlog
C:\Users\Ben\Documents\Visual Studio 2012\Projects\Wanderer\Wanderer\Debug\link.7416-rc.read.1.tlog
C:\Users\Ben\Documents\Visual Studio 2012\Projects\Wanderer\Wanderer\Debug\link.7416-rc.write.1.tlog
C:\Users\Ben\Documents\Visual Studio 2012\Projects\Wanderer\Wanderer\Debug\link.7416.read.1.tlog
C:\Users\Ben\Documents\Visual Studio 2012\Projects\Wanderer\Wanderer\Debug\link.7416.write.1.tlog
C:\Users\Ben\Documents\Visual Studio 2012\Projects\Wanderer\Wanderer\Debug\link.command.1.tlog
C:\Users\Ben\Documents\Visual Studio 2012\Projects\Wanderer\Wanderer\Debug\link.read.1.tlog
C:\Users\Ben\Documents\Visual Studio 2012\Projects\Wanderer\Wanderer\Debug\link.write.1.tlog
C:\Users\Ben\Documents\Visual Studio 2012\Projects\Wanderer\Wanderer\Debug\vc110.idb
C:\Users\Ben\Documents\Visual Studio 2012\Projects\Wanderer\Wanderer\Debug\vc110.pdb
C:\Users\Ben\Documents\Visual Studio 2012\Projects\Wanderer\Debug\Wanderer.pdb
C:\Users\Ben\Documents\Visual Studio 2012\Projects\Wanderer\Debug\Wanderer.exe
C:\Users\Ben\Documents\Visual Studio 2012\Projects\Wanderer\Debug\Wanderer.ilk
