Build started 22/01/2014 4:57:32 PM.
     1>Project "C:\Users\Ben\Documents\Visual Studio 2012\Projects\Wanderer\Wanderer\Wanderer.vcxproj" on node 2 (Build target(s)).
     1>ClCompile:
         C:\Program Files (x86)\Microsoft Visual Studio 11.0\VC\bin\CL.exe /c /I"C:\Users\Ben\Documents\Visual Studio 2012\SFML-2.0\include" /ZI /nologo /W3 /WX- /Od /Oy- /D WIN32 /D _DEBUG /D _WINDOWS /D _UNICODE /D UNICODE /Gm /EHsc /RTC1 /MDd /GS /fp:precise /Zc:wchar_t /Zc:forScope /Fo"Debug\\" /Fd"Debug\vc110.pdb" /Gd /TP /analyze- /errorReport:prompt main.cpp
         main.cpp
     1>c:\users\ben\documents\visual studio 2012\projects\wanderer\wanderer\main.cpp(251): warning C4172: returning address of local variable or temporary
     1>c:\users\ben\documents\visual studio 2012\projects\wanderer\wanderer\main.cpp(363): warning C4244: 'argument' : conversion from 'int' to 'float', possible loss of data
     1>c:\users\ben\documents\visual studio 2012\projects\wanderer\wanderer\main.cpp(968): warning C4800: 'int' : forcing value to bool 'true' or 'false' (performance warning)
     1>c:\users\ben\documents\visual studio 2012\projects\wanderer\wanderer\main.cpp(1376): warning C4244: '=' : conversion from 'int' to 'float', possible loss of data
     1>c:\users\ben\documents\visual studio 2012\projects\wanderer\wanderer\main.cpp(1377): warning C4244: '=' : conversion from 'int' to 'float', possible loss of data
     1>c:\users\ben\documents\visual studio 2012\projects\wanderer\wanderer\main.cpp(1398): warning C4244: 'argument' : conversion from 'float' to 'int', possible loss of data
     1>c:\users\ben\documents\visual studio 2012\projects\wanderer\wanderer\main.cpp(1454): warning C4305: '-=' : truncation from 'double' to 'float'
     1>c:\users\ben\documents\visual studio 2012\projects\wanderer\wanderer\main.cpp(1458): warning C4305: '+=' : truncation from 'double' to 'float'
     1>c:\users\ben\documents\visual studio 2012\projects\wanderer\wanderer\main.cpp(1464): warning C4305: '-=' : truncation from 'double' to 'float'
     1>c:\users\ben\documents\visual studio 2012\projects\wanderer\wanderer\main.cpp(1468): warning C4305: '+=' : truncation from 'double' to 'float'
     1>c:\users\ben\documents\visual studio 2012\projects\wanderer\wanderer\main.cpp(1476): warning C4305: '-=' : truncation from 'double' to 'float'
     1>c:\users\ben\documents\visual studio 2012\projects\wanderer\wanderer\main.cpp(1480): warning C4305: '+=' : truncation from 'double' to 'float'
     1>c:\users\ben\documents\visual studio 2012\projects\wanderer\wanderer\main.cpp(1486): warning C4305: '-=' : truncation from 'double' to 'float'
     1>c:\users\ben\documents\visual studio 2012\projects\wanderer\wanderer\main.cpp(1490): warning C4305: '+=' : truncation from 'double' to 'float'
     1>c:\users\ben\documents\visual studio 2012\projects\wanderer\wanderer\main.cpp(1502): warning C4305: 'initializing' : truncation from 'double' to 'float'
     1>c:\users\ben\documents\visual studio 2012\projects\wanderer\wanderer\main.cpp(1504): warning C4305: '=' : truncation from 'double' to 'float'
     1>c:\users\ben\documents\visual studio 2012\projects\wanderer\wanderer\main.cpp(1929): warning C4244: 'argument' : conversion from 'float' to 'int', possible loss of data
     1>c:\users\ben\documents\visual studio 2012\projects\wanderer\wanderer\main.cpp(1939): warning C4244: 'argument' : conversion from 'float' to 'int', possible loss of data
     1>c:\users\ben\documents\visual studio 2012\projects\wanderer\wanderer\main.cpp(1951): warning C4244: 'argument' : conversion from 'float' to 'int', possible loss of data
     1>c:\users\ben\documents\visual studio 2012\projects\wanderer\wanderer\main.cpp(1970): warning C4305: '-=' : truncation from 'double' to 'float'
     1>c:\users\ben\documents\visual studio 2012\projects\wanderer\wanderer\main.cpp(1974): warning C4305: '+=' : truncation from 'double' to 'float'
     1>c:\users\ben\documents\visual studio 2012\projects\wanderer\wanderer\main.cpp(1980): warning C4305: '-=' : truncation from 'double' to 'float'
     1>c:\users\ben\documents\visual studio 2012\projects\wanderer\wanderer\main.cpp(1984): warning C4305: '+=' : truncation from 'double' to 'float'
     1>c:\users\ben\documents\visual studio 2012\projects\wanderer\wanderer\main.cpp(1992): warning C4305: '-=' : truncation from 'double' to 'float'
     1>c:\users\ben\documents\visual studio 2012\projects\wanderer\wanderer\main.cpp(1996): warning C4305: '+=' : truncation from 'double' to 'float'
     1>c:\users\ben\documents\visual studio 2012\projects\wanderer\wanderer\main.cpp(2002): warning C4305: '-=' : truncation from 'double' to 'float'
     1>c:\users\ben\documents\visual studio 2012\projects\wanderer\wanderer\main.cpp(2006): warning C4305: '+=' : truncation from 'double' to 'float'
     1>c:\users\ben\documents\visual studio 2012\projects\wanderer\wanderer\main.cpp(2028): warning C4244: '=' : conversion from 'int' to 'float', possible loss of data
     1>c:\users\ben\documents\visual studio 2012\projects\wanderer\wanderer\main.cpp(2029): warning C4244: '=' : conversion from 'int' to 'float', possible loss of data
     1>c:\users\ben\documents\visual studio 2012\projects\wanderer\wanderer\main.cpp(2042): warning C4305: 'initializing' : truncation from 'double' to 'float'
     1>c:\users\ben\documents\visual studio 2012\projects\wanderer\wanderer\main.cpp(2044): warning C4244: '=' : conversion from 'double' to 'float', possible loss of data
     1>c:\users\ben\documents\visual studio 2012\projects\wanderer\wanderer\main.cpp(2472): warning C4244: 'argument' : conversion from 'int' to 'float', possible loss of data
     1>c:\users\ben\documents\visual studio 2012\projects\wanderer\wanderer\main.cpp(2484): warning C4244: 'argument' : conversion from 'int' to 'float', possible loss of data
     1>c:\users\ben\documents\visual studio 2012\projects\wanderer\wanderer\main.cpp(2496): warning C4244: 'argument' : conversion from 'int' to 'float', possible loss of data
     1>c:\users\ben\documents\visual studio 2012\projects\wanderer\wanderer\main.cpp(2501): warning C4244: 'argument' : conversion from 'int' to 'float', possible loss of data
     1>c:\users\ben\documents\visual studio 2012\projects\wanderer\wanderer\main.cpp(2505): warning C4244: 'argument' : conversion from 'int' to 'float', possible loss of data
     1>c:\users\ben\documents\visual studio 2012\projects\wanderer\wanderer\main.cpp(2527): warning C4244: 'argument' : conversion from 'int' to 'float', possible loss of data
     1>c:\users\ben\documents\visual studio 2012\projects\wanderer\wanderer\main.cpp(2531): warning C4244: 'argument' : conversion from 'int' to 'float', possible loss of data
     1>c:\users\ben\documents\visual studio 2012\projects\wanderer\wanderer\main.cpp(2535): warning C4244: 'argument' : conversion from 'int' to 'float', possible loss of data
     1>c:\users\ben\documents\visual studio 2012\projects\wanderer\wanderer\main.cpp(2607): warning C4244: 'argument' : conversion from 'int' to 'float', possible loss of data
     1>c:\users\ben\documents\visual studio 2012\projects\wanderer\wanderer\main.cpp(2618): warning C4244: 'argument' : conversion from 'int' to 'float', possible loss of data
     1>c:\users\ben\documents\visual studio 2012\projects\wanderer\wanderer\main.cpp(2638): warning C4244: 'argument' : conversion from 'int' to 'float', possible loss of data
     1>c:\users\ben\documents\visual studio 2012\projects\wanderer\wanderer\main.cpp(2647): warning C4244: 'argument' : conversion from 'int' to 'float', possible loss of data
     1>c:\users\ben\documents\visual studio 2012\projects\wanderer\wanderer\main.cpp(2677): warning C4244: 'argument' : conversion from 'int' to 'float', possible loss of data
     1>c:\users\ben\documents\visual studio 2012\projects\wanderer\wanderer\main.cpp(2683): warning C4244: 'argument' : conversion from 'int' to 'float', possible loss of data
     1>c:\users\ben\documents\visual studio 2012\projects\wanderer\wanderer\main.cpp(2698): warning C4244: 'argument' : conversion from 'int' to 'float', possible loss of data
     1>c:\users\ben\documents\visual studio 2012\projects\wanderer\wanderer\main.cpp(2764): warning C4244: 'argument' : conversion from 'int' to 'float', possible loss of data
     1>c:\users\ben\documents\visual studio 2012\projects\wanderer\wanderer\main.cpp(2773): warning C4244: 'argument' : conversion from 'double' to 'float', possible loss of data
     1>c:\users\ben\documents\visual studio 2012\projects\wanderer\wanderer\main.cpp(3507): warning C4244: 'argument' : conversion from 'float' to 'int', possible loss of data
     1>c:\users\ben\documents\visual studio 2012\projects\wanderer\wanderer\main.cpp(3562): warning C4244: 'argument' : conversion from 'float' to 'int', possible loss of data
     1>c:\users\ben\documents\visual studio 2012\projects\wanderer\wanderer\main.cpp(3575): warning C4244: 'argument' : conversion from 'float' to 'int', possible loss of data
     1>c:\users\ben\documents\visual studio 2012\projects\wanderer\wanderer\main.cpp(3576): warning C4244: 'argument' : conversion from 'float' to 'int', possible loss of data
     1>c:\users\ben\documents\visual studio 2012\projects\wanderer\wanderer\main.cpp(3660): warning C4244: 'argument' : conversion from 'int' to 'float', possible loss of data
     1>c:\users\ben\documents\visual studio 2012\projects\wanderer\wanderer\main.cpp(3668): warning C4244: 'argument' : conversion from 'int' to 'float', possible loss of data
     1>c:\users\ben\documents\visual studio 2012\projects\wanderer\wanderer\main.cpp(3676): warning C4244: 'argument' : conversion from 'int' to 'float', possible loss of data
     1>c:\users\ben\documents\visual studio 2012\projects\wanderer\wanderer\main.cpp(3684): warning C4244: 'argument' : conversion from 'int' to 'float', possible loss of data
     1>c:\users\ben\documents\visual studio 2012\projects\wanderer\wanderer\main.cpp(3698): warning C4244: 'argument' : conversion from 'int' to 'float', possible loss of data
     1>c:\users\ben\documents\visual studio 2012\projects\wanderer\wanderer\main.cpp(3771): warning C4305: '+=' : truncation from 'double' to 'float'
     1>c:\users\ben\documents\visual studio 2012\projects\wanderer\wanderer\main.cpp(3784): warning C4305: '+=' : truncation from 'double' to 'float'
     1>c:\users\ben\documents\visual studio 2012\projects\wanderer\wanderer\main.cpp(3787): warning C4305: '+=' : truncation from 'double' to 'float'
     1>c:\users\ben\documents\visual studio 2012\projects\wanderer\wanderer\main.cpp(3791): warning C4305: '+=' : truncation from 'double' to 'float'
     1>c:\users\ben\documents\visual studio 2012\projects\wanderer\wanderer\main.cpp(3822): warning C4305: '-=' : truncation from 'double' to 'float'
     1>c:\users\ben\documents\visual studio 2012\projects\wanderer\wanderer\main.cpp(3835): warning C4305: '-=' : truncation from 'double' to 'float'
     1>c:\users\ben\documents\visual studio 2012\projects\wanderer\wanderer\main.cpp(3838): warning C4305: '-=' : truncation from 'double' to 'float'
     1>c:\users\ben\documents\visual studio 2012\projects\wanderer\wanderer\main.cpp(3842): warning C4305: '-=' : truncation from 'double' to 'float'
     1>c:\users\ben\documents\visual studio 2012\projects\wanderer\wanderer\main.cpp(3877): warning C4305: '-=' : truncation from 'double' to 'float'
     1>c:\users\ben\documents\visual studio 2012\projects\wanderer\wanderer\main.cpp(3890): warning C4305: '-=' : truncation from 'double' to 'float'
     1>c:\users\ben\documents\visual studio 2012\projects\wanderer\wanderer\main.cpp(3893): warning C4305: '-=' : truncation from 'double' to 'float'
     1>c:\users\ben\documents\visual studio 2012\projects\wanderer\wanderer\main.cpp(3897): warning C4305: '-=' : truncation from 'double' to 'float'
     1>c:\users\ben\documents\visual studio 2012\projects\wanderer\wanderer\main.cpp(3928): warning C4305: '+=' : truncation from 'double' to 'float'
     1>c:\users\ben\documents\visual studio 2012\projects\wanderer\wanderer\main.cpp(3941): warning C4305: '+=' : truncation from 'double' to 'float'
     1>c:\users\ben\documents\visual studio 2012\projects\wanderer\wanderer\main.cpp(3944): warning C4305: '+=' : truncation from 'double' to 'float'
     1>c:\users\ben\documents\visual studio 2012\projects\wanderer\wanderer\main.cpp(3948): warning C4305: '+=' : truncation from 'double' to 'float'
     1>c:\users\ben\documents\visual studio 2012\projects\wanderer\wanderer\main.cpp(4024): warning C4305: '=' : truncation from 'double' to 'float'
     1>c:\users\ben\documents\visual studio 2012\projects\wanderer\wanderer\main.cpp(4028): warning C4244: 'argument' : conversion from 'time_t' to 'unsigned int', possible loss of data
     1>c:\users\ben\documents\visual studio 2012\projects\wanderer\wanderer\main.cpp(4091): warning C4996: 'mkdir': The POSIX name for this item is deprecated. Instead, use the ISO C++ conformant name: _mkdir. See online help for details.
                 c:\program files (x86)\microsoft visual studio 11.0\vc\include\direct.h(140) : see declaration of 'mkdir'
     1>c:\users\ben\documents\visual studio 2012\projects\wanderer\wanderer\main.cpp(4106): warning C4244: 'argument' : conversion from 'int' to 'float', possible loss of data
     1>c:\users\ben\documents\visual studio 2012\projects\wanderer\wanderer\main.cpp(4123): warning C4244: '=' : conversion from 'float' to 'int', possible loss of data
     1>c:\users\ben\documents\visual studio 2012\projects\wanderer\wanderer\main.cpp(4159): warning C4244: '=' : conversion from 'float' to 'int', possible loss of data
     1>c:\users\ben\documents\visual studio 2012\projects\wanderer\wanderer\main.cpp(4160): warning C4244: '=' : conversion from 'float' to 'int', possible loss of data
     1>c:\users\ben\documents\visual studio 2012\projects\wanderer\wanderer\main.cpp(1130): warning C4715: 'Cache_Array::get_close' : not all control paths return a value
       Link:
         C:\Program Files (x86)\Microsoft Visual Studio 11.0\VC\bin\link.exe /ERRORREPORT:PROMPT /OUT:"C:\Users\Ben\Documents\Visual Studio 2012\Projects\Wanderer\Debug\Wanderer.exe" /INCREMENTAL /NOLOGO /LIBPATH:"C:\Users\Ben\Documents\Visual Studio 2012\SFML-2.0\lib" "sfml-graphics-d.lib" "sfml-main-d.lib" "sfml-window-d.lib" "sfml-system-d.lib" "sfml-audio-d.lib" kernel32.lib user32.lib gdi32.lib winspool.lib comdlg32.lib advapi32.lib shell32.lib ole32.lib oleaut32.lib uuid.lib odbc32.lib odbccp32.lib kernel32.lib user32.lib gdi32.lib winspool.lib comdlg32.lib advapi32.lib shell32.lib ole32.lib oleaut32.lib uuid.lib odbc32.lib odbccp32.lib /MANIFEST /MANIFESTUAC:"level='asInvoker' uiAccess='false'" /manifest:embed /DEBUG /PDB:"C:\Users\Ben\Documents\Visual Studio 2012\Projects\Wanderer\Debug\Wanderer.pdb" /SUBSYSTEM:CONSOLE /TLBID:1 /DYNAMICBASE /NXCOMPAT /IMPLIB:"C:\Users\Ben\Documents\Visual Studio 2012\Projects\Wanderer\Debug\Wanderer.lib" /MACHINE:X86 Debug\main.obj
         Wanderer.vcxproj -> C:\Users\Ben\Documents\Visual Studio 2012\Projects\Wanderer\Debug\Wanderer.exe
     1>Done Building Project "C:\Users\Ben\Documents\Visual Studio 2012\Projects\Wanderer\Wanderer\Wanderer.vcxproj" (Build target(s)).

Build succeeded.

Time Elapsed 00:00:01.85
